build/intermediates/manifest_merge_blame_file/debug/manifest-merger-blame-debug-report.txt
1<?xml version="1.0" encoding="utf-8"?>
2<manifest xmlns:android="http://schemas.android.com/apk/res/android"
3    package="com.amazonaws.demo.s3transferutility"
4    android:versionCode="1"
5    android:versionName="1.0.0" >
6
7    <uses-sdk
8        android:minSdkVersion="18"
8-->android_projects/AndroidAppConnectivityWithAWS_S3/AndroidManifest.xml
9        android:targetSdkVersion="29" />
9-->android_projects/AndroidAppConnectivityWithAWS_S3/AndroidManifest.xml
10
11    <uses-permission android:name="android.permission.INTERNET" />
11-->android_projects/AndroidAppConnectivityWithAWS_S3/AndroidManifest.xml:4:5-67
11-->android_projects/AndroidAppConnectivityWithAWS_S3/AndroidManifest.xml:4:22-64
12    <uses-permission android:name="android.permission.ACCESS_NETWORK_STATE" />
12-->android_projects/AndroidAppConnectivityWithAWS_S3/AndroidManifest.xml:5:5-79
12-->android_projects/AndroidAppConnectivityWithAWS_S3/AndroidManifest.xml:5:22-76
13    <uses-permission android:name="android.permission.FOREGROUND_SERVICE" />
13-->android_projects/AndroidAppConnectivityWithAWS_S3/AndroidManifest.xml:6:5-77
13-->android_projects/AndroidAppConnectivityWithAWS_S3/AndroidManifest.xml:6:22-74
14    <uses-permission android:name="android.permission.WRITE_EXTERNAL_STORAGE" />
15    <uses-permission android:name="android.permission.READ_PHONE_STATE" />
16    <uses-permission android:name="android.permission.READ_EXTERNAL_STORAGE" />
17
18    <application
18-->android_projects/AndroidAppConnectivityWithAWS_S3/AndroidManifest.xml:8:5-37:19
19        android:name="com.amazonaws.demo.s3transferutility.MyApplication"
19-->android_projects/AndroidAppConnectivityWithAWS_S3/AndroidManifest.xml:9:9-38
20        android:allowBackup="true"
20-->android_projects/AndroidAppConnectivityWithAWS_S3/AndroidManifest.xml:10:9-35
21        android:appComponentFactory="android.support.v4.app.CoreComponentFactory"
21-->[com.android.support:support-compat:28.0.0] AndroidManifest.xml:22:18-91
22        android:debuggable="true"
23        android:icon="@drawable/ic_launcher"
23-->android_projects/AndroidAppConnectivityWithAWS_S3/AndroidManifest.xml:11:9-45
24        android:label="@string/app_name"
24-->android_projects/AndroidAppConnectivityWithAWS_S3/AndroidManifest.xml:12:9-41
25        android:testOnly="true" >
26        <activity android:name="com.amazonaws.demo.s3transferutility.MainActivity" >
26-->android_projects/AndroidAppConnectivityWithAWS_S3/AndroidManifest.xml:13:9-19:20
26-->android_projects/AndroidAppConnectivityWithAWS_S3/AndroidManifest.xml:13:19-83
27            <intent-filter>
27-->android_projects/AndroidAppConnectivityWithAWS_S3/AndroidManifest.xml:14:13-18:29
28                <action android:name="android.intent.action.MAIN" />
28-->android_projects/AndroidAppConnectivityWithAWS_S3/AndroidManifest.xml:15:17-69
28-->android_projects/AndroidAppConnectivityWithAWS_S3/AndroidManifest.xml:15:25-66
29
30                <category android:name="android.intent.category.LAUNCHER" />
30-->android_projects/AndroidAppConnectivityWithAWS_S3/AndroidManifest.xml:17:17-77
30-->android_projects/AndroidAppConnectivityWithAWS_S3/AndroidManifest.xml:17:27-74
31            </intent-filter>
32        </activity>
33        <activity
33-->android_projects/AndroidAppConnectivityWithAWS_S3/AndroidManifest.xml:20:9-22:57
34            android:name="com.amazonaws.demo.s3transferutility.DownloadActivity"
34-->android_projects/AndroidAppConnectivityWithAWS_S3/AndroidManifest.xml:21:13-81
35            android:label="@string/download_activity" />
35-->android_projects/AndroidAppConnectivityWithAWS_S3/AndroidManifest.xml:22:13-54
36        <activity
36-->android_projects/AndroidAppConnectivityWithAWS_S3/AndroidManifest.xml:23:9-25:55
37            android:name="com.amazonaws.demo.s3transferutility.UploadActivity"
37-->android_projects/AndroidAppConnectivityWithAWS_S3/AndroidManifest.xml:24:13-79
38            android:label="@string/upload_activity" />
38-->android_projects/AndroidAppConnectivityWithAWS_S3/AndroidManifest.xml:25:13-52
39        <activity
39-->android_projects/AndroidAppConnectivityWithAWS_S3/AndroidManifest.xml:26:9-28:67
40            android:name="com.amazonaws.demo.s3transferutility.DownloadSelectionActivity"
40-->android_projects/AndroidAppConnectivityWithAWS_S3/AndroidManifest.xml:27:13-90
41            android:label="@string/download_selection_activity" />
41-->android_projects/AndroidAppConnectivityWithAWS_S3/AndroidManifest.xml:28:13-64
42
43        <service
43-->android_projects/AndroidAppConnectivityWithAWS_S3/AndroidManifest.xml:30:9-32:38
44            android:name="com.amazonaws.mobileconnectors.s3.transferutility.TransferService"
44-->android_projects/AndroidAppConnectivityWithAWS_S3/AndroidManifest.xml:31:13-93
45            android:enabled="true" />
45-->android_projects/AndroidAppConnectivityWithAWS_S3/AndroidManifest.xml:32:13-35
46        <service
46-->android_projects/AndroidAppConnectivityWithAWS_S3/AndroidManifest.xml:34:9-36:38
47            android:name="com.amazonaws.demo.s3transferutility.MyService"
47-->android_projects/AndroidAppConnectivityWithAWS_S3/AndroidManifest.xml:35:13-38
48            android:enabled="true" />
48-->android_projects/AndroidAppConnectivityWithAWS_S3/AndroidManifest.xml:36:13-35
49    </application>
50
51</manifest>